<?xml version="1.0" encoding="UTF-8"?>
<robot generator="Robot 5.0 (Python 3.10.4 on win32)" generated="20220516 18:18:06.528" rpa="false" schemaversion="3">
<suite id="s1" name="Tests" source="D:\devworks\python_projects\robot-framework-alpha\explore-libraries\tests">
<suite id="s1-s1" name="API Tests" source="D:\devworks\python_projects\robot-framework-alpha\explore-libraries\tests\API_Tests.robot">
<test id="s1-s1-t1" name="Make a simple REST API call" line="14">
<kw name="Check Github Username">
<msg timestamp="20220516 18:18:06.571" level="FAIL">No keyword with name 'Check Github Username' found.</msg>
<status status="FAIL" starttime="20220516 18:18:06.571" endtime="20220516 18:18:06.571"/>
</kw>
<tag>API</tag>
<status status="FAIL" starttime="20220516 18:18:06.568" endtime="20220516 18:18:06.572">No keyword with name 'Check Github Username' found.</status>
</test>
<test id="s1-s1-t2" name="Display emoji from Github" line="18">
<kw name="Display Emoji">
<msg timestamp="20220516 18:18:06.576" level="FAIL">No keyword with name 'Display Emoji' found.</msg>
<status status="FAIL" starttime="20220516 18:18:06.576" endtime="20220516 18:18:06.576"/>
</kw>
<tag>API</tag>
<status status="FAIL" starttime="20220516 18:18:06.575" endtime="20220516 18:18:06.577">No keyword with name 'Display Emoji' found.</status>
</test>
<doc>These are some API tests</doc>
<status status="FAIL" starttime="20220516 18:18:06.562" endtime="20220516 18:18:06.579"/>
</suite>
<suite id="s1-s2" name="Built In" source="D:\devworks\python_projects\robot-framework-alpha\explore-libraries\tests\Built_In.robot">
<test id="s1-s2-t1" name="Declare and set variables" line="15">
<kw name="Set Variable" library="BuiltIn">
<var>${some_test_data}</var>
<arg>This is only available within this test</arg>
<doc>Returns the given values which can then be assigned to a variables.</doc>
<msg timestamp="20220516 18:18:06.883" level="INFO">${some_test_data} = This is only available within this test</msg>
<status status="PASS" starttime="20220516 18:18:06.882" endtime="20220516 18:18:06.883"/>
</kw>
<kw name="Set Test Variable" library="BuiltIn">
<arg>${more_test_data}</arg>
<arg>This is also only available within this test</arg>
<doc>Makes a variable available everywhere within the scope of the current test.</doc>
<msg timestamp="20220516 18:18:06.884" level="INFO">${more_test_data} = This is also only available within this test</msg>
<status status="PASS" starttime="20220516 18:18:06.883" endtime="20220516 18:18:06.884"/>
</kw>
<kw name="Set Suite Variable" library="BuiltIn">
<arg>${some_suite_data}</arg>
<arg>This is available within all tests in this suite</arg>
<doc>Makes a variable available everywhere within the scope of the current suite.</doc>
<msg timestamp="20220516 18:18:06.885" level="INFO">${some_suite_data} = This is available within all tests in this suite</msg>
<status status="PASS" starttime="20220516 18:18:06.884" endtime="20220516 18:18:06.885"/>
</kw>
<kw name="Set Global Variable" library="BuiltIn">
<arg>${SOME_GLOBAL_DATA}</arg>
<arg>This available everywhere</arg>
<doc>Makes a variable available globally in all tests and suites.</doc>
<msg timestamp="20220516 18:18:06.886" level="INFO">${SOME_GLOBAL_DATA} = This available everywhere</msg>
<status status="PASS" starttime="20220516 18:18:06.885" endtime="20220516 18:18:06.886"/>
</kw>
<status status="PASS" starttime="20220516 18:18:06.881" endtime="20220516 18:18:06.886"/>
</test>
<test id="s1-s2-t2" name="Logging stuff" line="25">
<kw name="Comment" library="BuiltIn">
<arg>${unset_variable}</arg>
<doc>Displays the given messages in the log file as keyword arguments.</doc>
<status status="PASS" starttime="20220516 18:18:06.888" endtime="20220516 18:18:06.888"/>
</kw>
<kw name="Comment" library="BuiltIn">
<arg>Just a random comment</arg>
<doc>Displays the given messages in the log file as keyword arguments.</doc>
<status status="PASS" starttime="20220516 18:18:06.888" endtime="20220516 18:18:06.889"/>
</kw>
<kw name="Comment" library="BuiltIn">
<arg>${GLOBAL1}</arg>
<doc>Displays the given messages in the log file as keyword arguments.</doc>
<status status="PASS" starttime="20220516 18:18:06.889" endtime="20220516 18:18:06.889"/>
</kw>
<kw name="Log" library="BuiltIn">
<arg>I have something to say</arg>
<doc>Logs the given message with the given level.</doc>
<msg timestamp="20220516 18:18:06.889" level="INFO">I have something to say</msg>
<status status="PASS" starttime="20220516 18:18:06.889" endtime="20220516 18:18:06.890"/>
</kw>
<kw name="Log Many" library="BuiltIn">
<arg>Something to say 1</arg>
<arg>Something to say 2</arg>
<arg>Something to say 3</arg>
<doc>Logs the given messages as separate entries using the INFO level.</doc>
<msg timestamp="20220516 18:18:06.890" level="INFO">Something to say 1</msg>
<msg timestamp="20220516 18:18:06.890" level="INFO">Something to say 2</msg>
<msg timestamp="20220516 18:18:06.890" level="INFO">Something to say 3</msg>
<status status="PASS" starttime="20220516 18:18:06.890" endtime="20220516 18:18:06.890"/>
</kw>
<kw name="Log To Console" library="BuiltIn">
<arg>This can only be seen in the console, not the log!</arg>
<doc>Logs the given message to the console.</doc>
<status status="PASS" starttime="20220516 18:18:06.890" endtime="20220516 18:18:06.891"/>
</kw>
<kw name="Log Variables" library="BuiltIn">
<doc>Logs all variables in the current scope with given log level.</doc>
<msg timestamp="20220516 18:18:06.892" level="INFO">${/} = \</msg>
<msg timestamp="20220516 18:18:06.892" level="INFO">${:} = ;</msg>
<msg timestamp="20220516 18:18:06.892" level="INFO">${\n} = 
</msg>
<msg timestamp="20220516 18:18:06.892" level="INFO">${DEBUG_FILE} = NONE</msg>
<msg timestamp="20220516 18:18:06.892" level="INFO">${EXECDIR} = D:\devworks\python_projects\robot-framework-alpha\explore-libraries</msg>
<msg timestamp="20220516 18:18:06.892" level="INFO">${False} = False</msg>
<msg timestamp="20220516 18:18:06.892" level="INFO">${GLOBAL1} = I am global variable 1</msg>
<msg timestamp="20220516 18:18:06.892" level="INFO">${LOG_FILE} = D:\devworks\python_projects\robot-framework-alpha\explore-libraries\results\log.html</msg>
<msg timestamp="20220516 18:18:06.892" level="INFO">${LOG_LEVEL} = INFO</msg>
<msg timestamp="20220516 18:18:06.892" level="INFO">${None} = None</msg>
<msg timestamp="20220516 18:18:06.892" level="INFO">${null} = None</msg>
<msg timestamp="20220516 18:18:06.892" level="INFO">&amp;{OPTIONS} = { include=[] | exclude=[] | skip=[] | skip_on_failure=[] }</msg>
<msg timestamp="20220516 18:18:06.892" level="INFO">${OUTPUT_DIR} = D:\devworks\python_projects\robot-framework-alpha\explore-libraries\results</msg>
<msg timestamp="20220516 18:18:06.892" level="INFO">${OUTPUT_FILE} = D:\devworks\python_projects\robot-framework-alpha\explore-libraries\results\output.xml</msg>
<msg timestamp="20220516 18:18:06.892" level="INFO">${PREV_TEST_MESSAGE} = </msg>
<msg timestamp="20220516 18:18:06.892" level="INFO">${PREV_TEST_NAME} = Declare and set variables</msg>
<msg timestamp="20220516 18:18:06.892" level="INFO">${PREV_TEST_STATUS} = PASS</msg>
<msg timestamp="20220516 18:18:06.893" level="INFO">${REPORT_FILE} = D:\devworks\python_projects\robot-framework-alpha\explore-libraries\results\report.html</msg>
<msg timestamp="20220516 18:18:06.893" level="INFO">${SOME_GLOBAL_DATA} = This available everywhere</msg>
<msg timestamp="20220516 18:18:06.893" level="INFO">${some_suite_data} = This is available within all tests in this suite</msg>
<msg timestamp="20220516 18:18:06.893" level="INFO">${SPACE} =  </msg>
<msg timestamp="20220516 18:18:06.893" level="INFO">${SUITE_DOCUMENTATION} = Checking out the built-in library</msg>
<msg timestamp="20220516 18:18:06.893" level="INFO">&amp;{SUITE_METADATA} = { }</msg>
<msg timestamp="20220516 18:18:06.893" level="INFO">${SUITE_NAME} = Tests.Built In</msg>
<msg timestamp="20220516 18:18:06.893" level="INFO">${SUITE_SOURCE} = D:\devworks\python_projects\robot-framework-alpha\explore-libraries\tests\Built_In.robot</msg>
<msg timestamp="20220516 18:18:06.893" level="INFO">${TEMPDIR} = C:\Users\dhruv\AppData\Local\Temp</msg>
<msg timestamp="20220516 18:18:06.893" level="INFO">${TEST_DOCUMENTATION} = </msg>
<msg timestamp="20220516 18:18:06.893" level="INFO">${TEST_NAME} = Logging stuff</msg>
<msg timestamp="20220516 18:18:06.893" level="INFO">@{TEST_TAGS} = [ BuiltIn ]</msg>
<msg timestamp="20220516 18:18:06.893" level="INFO">${True} = True</msg>
<status status="PASS" starttime="20220516 18:18:06.891" endtime="20220516 18:18:06.893"/>
</kw>
<kw name="Log" library="BuiltIn">
<arg>${some_suite_data}</arg>
<doc>Logs the given message with the given level.</doc>
<msg timestamp="20220516 18:18:06.894" level="INFO">This is available within all tests in this suite</msg>
<status status="PASS" starttime="20220516 18:18:06.893" endtime="20220516 18:18:06.894"/>
</kw>
<kw name="Log" library="BuiltIn">
<arg>${GLOBAL1}</arg>
<doc>Logs the given message with the given level.</doc>
<msg timestamp="20220516 18:18:06.894" level="INFO">I am global variable 1</msg>
<status status="PASS" starttime="20220516 18:18:06.894" endtime="20220516 18:18:06.894"/>
</kw>
<kw name="Log" library="BuiltIn">
<arg>${SOME_GLOBAL_DATA}</arg>
<doc>Logs the given message with the given level.</doc>
<msg timestamp="20220516 18:18:06.895" level="INFO">This available everywhere</msg>
<status status="PASS" starttime="20220516 18:18:06.895" endtime="20220516 18:18:06.895"/>
</kw>
<tag>BuiltIn</tag>
<status status="PASS" starttime="20220516 18:18:06.887" endtime="20220516 18:18:06.895"/>
</test>
<test id="s1-s2-t3" name="Ignore failures in this test" line="38">
<kw name="Open Browser" library="SeleniumLibrary">
<arg>http://www.amazon.com</arg>
<arg>ie</arg>
<doc>Opens a new browser instance to the optional ``url``.</doc>
<msg timestamp="20220516 18:18:06.897" level="INFO">Opening browser 'ie' to base url 'http://www.amazon.com'.</msg>
<msg timestamp="20220516 18:18:06.968" level="INFO">Cannot capture screenshot because no browser is open.</msg>
<msg timestamp="20220516 18:18:06.968" level="FAIL">WebDriverException: Message: 'IEDriverServer.exe' executable needs to be in PATH. Please download from https://www.selenium.dev/downloads/ and read up at https://github.com/SeleniumHQ/selenium/wiki/InternetExplorerDriver
</msg>
<status status="FAIL" starttime="20220516 18:18:06.897" endtime="20220516 18:18:06.989"/>
</kw>
<kw name="Run Keyword And Continue On Failure" library="BuiltIn">
<arg>Wait Until Page Contains</arg>
<arg>This text doesn't exist</arg>
<doc>Runs the keyword and continues execution even if a failure occurs.</doc>
<status status="NOT RUN" starttime="20220516 18:18:06.990" endtime="20220516 18:18:06.990"/>
</kw>
<kw name="Run Keyword And Continue On Failure" library="BuiltIn">
<arg>Wait Until Page Contains</arg>
<arg>More text that doesn't exist</arg>
<doc>Runs the keyword and continues execution even if a failure occurs.</doc>
<status status="NOT RUN" starttime="20220516 18:18:06.990" endtime="20220516 18:18:06.990"/>
</kw>
<kw name="Log" library="BuiltIn">
<arg>${some_suite_data}</arg>
<doc>Logs the given message with the given level.</doc>
<status status="NOT RUN" starttime="20220516 18:18:06.990" endtime="20220516 18:18:06.990"/>
</kw>
<kw name="Log" library="BuiltIn">
<arg>${GLOBAL1}</arg>
<doc>Logs the given message with the given level.</doc>
<status status="NOT RUN" starttime="20220516 18:18:06.991" endtime="20220516 18:18:06.991"/>
</kw>
<kw name="Log" library="BuiltIn">
<arg>${SOME_GLOBAL_DATA}</arg>
<doc>Logs the given message with the given level.</doc>
<status status="NOT RUN" starttime="20220516 18:18:06.991" endtime="20220516 18:18:06.991"/>
</kw>
<kw name="Close Browser" library="SeleniumLibrary">
<doc>Closes the current browser.</doc>
<status status="NOT RUN" starttime="20220516 18:18:06.991" endtime="20220516 18:18:06.991"/>
</kw>
<tag>BuiltIn</tag>
<status status="FAIL" starttime="20220516 18:18:06.896" endtime="20220516 18:18:06.992">WebDriverException: Message: 'IEDriverServer.exe' executable needs to be in PATH. Please download from https://www.selenium.dev/downloads/ and read up at https://github.com/SeleniumHQ/selenium/wiki/InternetExplorerDriver
</status>
</test>
<test id="s1-s2-t4" name="Repeat things" line="52">
<kw name="Repeat Keyword" library="BuiltIn">
<arg>3 Times</arg>
<arg>Say Something Funny</arg>
<doc>Executes the specified keyword multiple times.</doc>
<msg timestamp="20220516 18:18:06.994" level="INFO">Repeating keyword, round 1/3.</msg>
<kw name="Say something funny">
<kw name="Log" library="BuiltIn">
<arg>These pretzels are making me thirsty...</arg>
<doc>Logs the given message with the given level.</doc>
<msg timestamp="20220516 18:18:06.995" level="INFO">These pretzels are making me thirsty...</msg>
<status status="PASS" starttime="20220516 18:18:06.994" endtime="20220516 18:18:06.995"/>
</kw>
<status status="PASS" starttime="20220516 18:18:06.994" endtime="20220516 18:18:06.995"/>
</kw>
<msg timestamp="20220516 18:18:06.995" level="INFO">Repeating keyword, round 2/3.</msg>
<kw name="Say something funny">
<kw name="Log" library="BuiltIn">
<arg>These pretzels are making me thirsty...</arg>
<doc>Logs the given message with the given level.</doc>
<msg timestamp="20220516 18:18:06.995" level="INFO">These pretzels are making me thirsty...</msg>
<status status="PASS" starttime="20220516 18:18:06.995" endtime="20220516 18:18:06.995"/>
</kw>
<status status="PASS" starttime="20220516 18:18:06.995" endtime="20220516 18:18:06.995"/>
</kw>
<msg timestamp="20220516 18:18:06.995" level="INFO">Repeating keyword, round 3/3.</msg>
<kw name="Say something funny">
<kw name="Log" library="BuiltIn">
<arg>These pretzels are making me thirsty...</arg>
<doc>Logs the given message with the given level.</doc>
<msg timestamp="20220516 18:18:06.996" level="INFO">These pretzels are making me thirsty...</msg>
<status status="PASS" starttime="20220516 18:18:06.996" endtime="20220516 18:18:06.996"/>
</kw>
<status status="PASS" starttime="20220516 18:18:06.996" endtime="20220516 18:18:06.996"/>
</kw>
<status status="PASS" starttime="20220516 18:18:06.994" endtime="20220516 18:18:06.996"/>
</kw>
<kw name="Log" library="BuiltIn">
<arg>${some_suite_data}</arg>
<doc>Logs the given message with the given level.</doc>
<msg timestamp="20220516 18:18:06.997" level="INFO">This is available within all tests in this suite</msg>
<status status="PASS" starttime="20220516 18:18:06.996" endtime="20220516 18:18:06.997"/>
</kw>
<kw name="Log" library="BuiltIn">
<arg>${GLOBAL1}</arg>
<doc>Logs the given message with the given level.</doc>
<msg timestamp="20220516 18:18:06.997" level="INFO">I am global variable 1</msg>
<status status="PASS" starttime="20220516 18:18:06.997" endtime="20220516 18:18:06.997"/>
</kw>
<kw name="Log" library="BuiltIn">
<arg>${SOME_GLOBAL_DATA}</arg>
<doc>Logs the given message with the given level.</doc>
<msg timestamp="20220516 18:18:06.998" level="INFO">This available everywhere</msg>
<status status="PASS" starttime="20220516 18:18:06.997" endtime="20220516 18:18:06.998"/>
</kw>
<status status="PASS" starttime="20220516 18:18:06.993" endtime="20220516 18:18:06.998"/>
</test>
<doc>Checking out the built-in library</doc>
<status status="FAIL" starttime="20220516 18:18:06.581" endtime="20220516 18:18:07.000"/>
</suite>
<suite id="s1-s3" name="Dialogs" source="D:\devworks\python_projects\robot-framework-alpha\explore-libraries\tests\Dialogs.robot">
<test id="s1-s3-t1" name="Logged out user can search for products" line="17">
<kw name="Begin Web Test" library="Common" type="SETUP">
<kw name="Open Browser" library="SeleniumLibrary">
<arg>about:blank</arg>
<arg>${BROWSER}</arg>
<doc>Opens a new browser instance to the optional ``url``.</doc>
<msg timestamp="20220516 18:18:07.110" level="INFO">Opening browser 'chrome' to base url 'about:blank'.</msg>
<status status="PASS" starttime="20220516 18:18:07.110" endtime="20220516 18:18:09.028"/>
</kw>
<status status="PASS" starttime="20220516 18:18:07.109" endtime="20220516 18:18:09.028"/>
</kw>
<kw name="Get Selection From User" library="Dialogs">
<var>${new_browser}</var>
<arg>Which browser?</arg>
<arg>chrome</arg>
<arg>ie</arg>
<arg>firefox</arg>
<doc>Pauses execution and asks user to select a value.</doc>
<msg timestamp="20220516 18:18:15.207" level="INFO">${new_browser} = ie</msg>
<status status="PASS" starttime="20220516 18:18:09.031" endtime="20220516 18:18:15.207"/>
</kw>
<kw name="Set Global Variable" library="BuiltIn">
<arg>${BROWSER}</arg>
<arg>${new_browser}</arg>
<doc>Makes a variable available globally in all tests and suites.</doc>
<msg timestamp="20220516 18:18:15.240" level="INFO">${BROWSER} = ie</msg>
<status status="PASS" starttime="20220516 18:18:15.239" endtime="20220516 18:18:15.240"/>
</kw>
<kw name="Search for Products" library="AmazonApp">
<kw name="Load" library="LandingPage">
<kw name="Go To" library="SeleniumLibrary">
<arg>${START_URL}</arg>
<doc>Navigates the current browser window to the provided ``url``.</doc>
<msg timestamp="20220516 18:18:15.246" level="INFO">Opening url 'https://www.amazon.com'</msg>
<status status="PASS" starttime="20220516 18:18:15.246" endtime="20220516 18:18:20.518"/>
</kw>
<status status="PASS" starttime="20220516 18:18:15.245" endtime="20220516 18:18:20.518"/>
</kw>
<kw name="Verify Page Loaded" library="LandingPage">
<kw name="Wait Until Page Contains" library="SeleniumLibrary">
<arg>Sell</arg>
<doc>Waits until ``text`` appears on the current page.</doc>
<status status="PASS" starttime="20220516 18:18:20.519" endtime="20220516 18:18:20.609"/>
</kw>
<status status="PASS" starttime="20220516 18:18:20.518" endtime="20220516 18:18:20.609"/>
</kw>
<kw name="Search for Products" library="TopNav">
<kw name="Enter Search Term" library="TopNav">
<kw name="Input Text" library="SeleniumLibrary">
<arg>id=twotabsearchtextbox</arg>
<arg>${SEARCH_TERM}</arg>
<doc>Types the given ``text`` into the text field identified by ``locator``.</doc>
<msg timestamp="20220516 18:18:20.617" level="INFO">Typing text 'Ferrari 458' into text field 'id=twotabsearchtextbox'.</msg>
<status status="PASS" starttime="20220516 18:18:20.610" endtime="20220516 18:18:20.821"/>
</kw>
<status status="PASS" starttime="20220516 18:18:20.610" endtime="20220516 18:18:20.821"/>
</kw>
<kw name="Submit Search" library="TopNav">
<kw name="Click Button" library="SeleniumLibrary">
<arg>xpath=//*[@id="nav-search"]/form/div[2]/div/input</arg>
<doc>Clicks the button identified by ``locator``.</doc>
<msg timestamp="20220516 18:18:20.822" level="INFO">Clicking button 'xpath=//*[@id="nav-search"]/form/div[2]/div/input'.</msg>
<status status="PASS" starttime="20220516 18:18:20.822" endtime="20220516 18:18:20.909"/>
</kw>
<status status="PASS" starttime="20220516 18:18:20.821" endtime="20220516 18:18:20.910"/>
</kw>
<status status="PASS" starttime="20220516 18:18:20.610" endtime="20220516 18:18:20.910"/>
</kw>
<kw name="Verify Search Completed" library="SearchResults">
<kw name="Wait Until Page Contains" library="SeleniumLibrary">
<arg>results for "${SEARCH_TERM}"</arg>
<doc>Waits until ``text`` appears on the current page.</doc>
<msg timestamp="20220516 18:18:26.264" level="INFO" html="true">&lt;/td&gt;&lt;/tr&gt;&lt;tr&gt;&lt;td colspan="3"&gt;&lt;a href="selenium-screenshot-1.png"&gt;&lt;img src="selenium-screenshot-1.png" width="800px"&gt;&lt;/a&gt;</msg>
<msg timestamp="20220516 18:18:26.265" level="FAIL">Text 'results for "Ferrari 458"' did not appear in 5 seconds.</msg>
<status status="FAIL" starttime="20220516 18:18:20.910" endtime="20220516 18:18:26.277"/>
</kw>
<status status="FAIL" starttime="20220516 18:18:20.910" endtime="20220516 18:18:26.278"/>
</kw>
<status status="FAIL" starttime="20220516 18:18:15.245" endtime="20220516 18:18:26.279"/>
</kw>
<kw name="End Web Test" library="Common" type="TEARDOWN">
<kw name="Close Browser" library="SeleniumLibrary">
<doc>Closes the current browser.</doc>
<status status="PASS" starttime="20220516 18:18:26.280" endtime="20220516 18:18:28.593"/>
</kw>
<status status="PASS" starttime="20220516 18:18:26.280" endtime="20220516 18:18:28.593"/>
</kw>
<tag>Web</tag>
<status status="FAIL" starttime="20220516 18:18:07.108" endtime="20220516 18:18:28.594">Text 'results for "Ferrari 458"' did not appear in 5 seconds.</status>
</test>
<test id="s1-s3-t2" name="Logged out user can add product to cart" line="23">
<kw name="Begin Web Test" library="Common" type="SETUP">
<kw name="Open Browser" library="SeleniumLibrary">
<arg>about:blank</arg>
<arg>${BROWSER}</arg>
<doc>Opens a new browser instance to the optional ``url``.</doc>
<msg timestamp="20220516 18:18:28.598" level="INFO">Opening browser 'ie' to base url 'about:blank'.</msg>
<msg timestamp="20220516 18:18:28.603" level="INFO">Cannot capture screenshot because no browser is open.</msg>
<msg timestamp="20220516 18:18:28.603" level="FAIL">WebDriverException: Message: 'IEDriverServer.exe' executable needs to be in PATH. Please download from https://www.selenium.dev/downloads/ and read up at https://github.com/SeleniumHQ/selenium/wiki/InternetExplorerDriver
</msg>
<status status="FAIL" starttime="20220516 18:18:28.597" endtime="20220516 18:18:28.604"/>
</kw>
<status status="FAIL" starttime="20220516 18:18:28.597" endtime="20220516 18:18:28.604"/>
</kw>
<kw name="End Web Test" library="Common" type="TEARDOWN">
<kw name="Close Browser" library="SeleniumLibrary">
<doc>Closes the current browser.</doc>
<status status="PASS" starttime="20220516 18:18:28.605" endtime="20220516 18:18:28.605"/>
</kw>
<status status="PASS" starttime="20220516 18:18:28.605" endtime="20220516 18:18:28.605"/>
</kw>
<tag>Web</tag>
<status status="FAIL" starttime="20220516 18:18:28.596" endtime="20220516 18:18:28.606">Setup failed:
WebDriverException: Message: 'IEDriverServer.exe' executable needs to be in PATH. Please download from https://www.selenium.dev/downloads/ and read up at https://github.com/SeleniumHQ/selenium/wiki/InternetExplorerDriver
</status>
</test>
<doc>These are some web tests</doc>
<status status="FAIL" starttime="20220516 18:18:07.002" endtime="20220516 18:18:28.607"/>
</suite>
<suite id="s1-s4" name="MySql Tests" source="D:\devworks\python_projects\robot-framework-alpha\explore-libraries\tests\MySql_Tests.robot">
<test id="s1-s4-t1" name="Insert a Record" line="16">
<kw name="Connect" library="MySql" type="SETUP">
<kw name="Connect To Database Using Custom Params">
<arg>pymysql</arg>
<arg>database='rftutorial', user='rftutorial', password='Demoscript1!', host='mysql1100.shared-servers.com', port=1091</arg>
<msg timestamp="20220516 18:18:28.635" level="FAIL">No keyword with name 'Connect To Database Using Custom Params' found. Did you try using keyword 'MySql.Connect' and forgot to use enough whitespace between keyword and arguments?</msg>
<status status="FAIL" starttime="20220516 18:18:28.635" endtime="20220516 18:18:28.635"/>
</kw>
<status status="FAIL" starttime="20220516 18:18:28.634" endtime="20220516 18:18:28.636"/>
</kw>
<kw name="Disconnect" library="MySql" type="TEARDOWN">
<kw name="Disconnect from Database">
<msg timestamp="20220516 18:18:28.639" level="FAIL">No keyword with name 'Disconnect from Database' found. Did you try using keyword 'MySql.Disconnect' and forgot to use enough whitespace between keyword and arguments?</msg>
<status status="FAIL" starttime="20220516 18:18:28.639" endtime="20220516 18:18:28.639"/>
</kw>
<status status="FAIL" starttime="20220516 18:18:28.637" endtime="20220516 18:18:28.639">No keyword with name 'Disconnect from Database' found. Did you try using keyword 'MySql.Disconnect' and forgot to use enough whitespace between keyword and arguments?</status>
</kw>
<tag>MySqlDB</tag>
<status status="FAIL" starttime="20220516 18:18:28.633" endtime="20220516 18:18:28.640">Setup failed:
No keyword with name 'Connect To Database Using Custom Params' found. Did you try using keyword 'MySql.Connect' and forgot to use enough whitespace between keyword and arguments?

Also teardown failed:
No keyword with name 'Disconnect from Database' found. Did you try using keyword 'MySql.Disconnect' and forgot to use enough whitespace between keyword and arguments?</status>
</test>
<test id="s1-s4-t2" name="Verify Insert Contains Correct Input Data" line="23">
<kw name="Connect" library="MySql" type="SETUP">
<kw name="Connect To Database Using Custom Params">
<arg>pymysql</arg>
<arg>database='rftutorial', user='rftutorial', password='Demoscript1!', host='mysql1100.shared-servers.com', port=1091</arg>
<msg timestamp="20220516 18:18:28.644" level="FAIL">No keyword with name 'Connect To Database Using Custom Params' found. Did you try using keyword 'MySql.Connect' and forgot to use enough whitespace between keyword and arguments?</msg>
<status status="FAIL" starttime="20220516 18:18:28.644" endtime="20220516 18:18:28.644"/>
</kw>
<status status="FAIL" starttime="20220516 18:18:28.642" endtime="20220516 18:18:28.645"/>
</kw>
<kw name="Disconnect" library="MySql" type="TEARDOWN">
<kw name="Disconnect from Database">
<msg timestamp="20220516 18:18:28.649" level="FAIL">No keyword with name 'Disconnect from Database' found. Did you try using keyword 'MySql.Disconnect' and forgot to use enough whitespace between keyword and arguments?</msg>
<status status="FAIL" starttime="20220516 18:18:28.648" endtime="20220516 18:18:28.649"/>
</kw>
<status status="FAIL" starttime="20220516 18:18:28.646" endtime="20220516 18:18:28.649">No keyword with name 'Disconnect from Database' found. Did you try using keyword 'MySql.Disconnect' and forgot to use enough whitespace between keyword and arguments?</status>
</kw>
<tag>MySqlDB</tag>
<status status="FAIL" starttime="20220516 18:18:28.642" endtime="20220516 18:18:28.650">Setup failed:
No keyword with name 'Connect To Database Using Custom Params' found. Did you try using keyword 'MySql.Connect' and forgot to use enough whitespace between keyword and arguments?

Also teardown failed:
No keyword with name 'Disconnect from Database' found. Did you try using keyword 'MySql.Disconnect' and forgot to use enough whitespace between keyword and arguments?</status>
</test>
<test id="s1-s4-t3" name="Log All Rows" line="27">
<kw name="Connect" library="MySql" type="SETUP">
<kw name="Connect To Database Using Custom Params">
<arg>pymysql</arg>
<arg>database='rftutorial', user='rftutorial', password='Demoscript1!', host='mysql1100.shared-servers.com', port=1091</arg>
<msg timestamp="20220516 18:18:28.654" level="FAIL">No keyword with name 'Connect To Database Using Custom Params' found. Did you try using keyword 'MySql.Connect' and forgot to use enough whitespace between keyword and arguments?</msg>
<status status="FAIL" starttime="20220516 18:18:28.654" endtime="20220516 18:18:28.654"/>
</kw>
<status status="FAIL" starttime="20220516 18:18:28.652" endtime="20220516 18:18:28.654"/>
</kw>
<kw name="Disconnect" library="MySql" type="TEARDOWN">
<kw name="Disconnect from Database">
<msg timestamp="20220516 18:18:28.657" level="FAIL">No keyword with name 'Disconnect from Database' found. Did you try using keyword 'MySql.Disconnect' and forgot to use enough whitespace between keyword and arguments?</msg>
<status status="FAIL" starttime="20220516 18:18:28.657" endtime="20220516 18:18:28.657"/>
</kw>
<status status="FAIL" starttime="20220516 18:18:28.655" endtime="20220516 18:18:28.657">No keyword with name 'Disconnect from Database' found. Did you try using keyword 'MySql.Disconnect' and forgot to use enough whitespace between keyword and arguments?</status>
</kw>
<tag>MySqlDB</tag>
<status status="FAIL" starttime="20220516 18:18:28.651" endtime="20220516 18:18:28.658">Setup failed:
No keyword with name 'Connect To Database Using Custom Params' found. Did you try using keyword 'MySql.Connect' and forgot to use enough whitespace between keyword and arguments?

Also teardown failed:
No keyword with name 'Disconnect from Database' found. Did you try using keyword 'MySql.Disconnect' and forgot to use enough whitespace between keyword and arguments?</status>
</test>
<doc>These are some MySql Database tests</doc>
<status status="FAIL" starttime="20220516 18:18:28.609" endtime="20220516 18:18:28.660"/>
</suite>
<suite id="s1-s5" name="Operating System" source="D:\devworks\python_projects\robot-framework-alpha\explore-libraries\tests\Operating_System.robot">
<test id="s1-s5-t1" name="Create Some Directories" line="14">
<kw name="Create the Base Directory" library="OS">
<kw name="Create Directory" library="OperatingSystem">
<arg>${output_directory}</arg>
<doc>Creates the specified directory.</doc>
<msg timestamp="20220516 18:18:28.684" level="INFO" html="true">Created directory '&lt;a href="file://D:\devworks\python_projects\robot-framework-alpha\explore-libraries\Outputs"&gt;D:\devworks\python_projects\robot-framework-alpha\explore-libraries\Outputs&lt;/a&gt;'.</msg>
<status status="PASS" starttime="20220516 18:18:28.683" endtime="20220516 18:18:28.684"/>
</kw>
<kw name="Should Exist" library="OperatingSystem">
<arg>${output_directory}</arg>
<doc>Fails unless the given path (file or directory) exists.</doc>
<msg timestamp="20220516 18:18:28.684" level="INFO" html="true">Path '&lt;a href="file://D:\devworks\python_projects\robot-framework-alpha\explore-libraries\Outputs"&gt;D:\devworks\python_projects\robot-framework-alpha\explore-libraries\Outputs&lt;/a&gt;' exists.</msg>
<status status="PASS" starttime="20220516 18:18:28.684" endtime="20220516 18:18:28.684"/>
</kw>
<status status="PASS" starttime="20220516 18:18:28.683" endtime="20220516 18:18:28.685"/>
</kw>
<kw name="Create Directory 1" library="OS">
<kw name="Join Path" library="OperatingSystem">
<var>${directory_path}</var>
<arg>${output_directory}</arg>
<arg>${directory_1}</arg>
<doc>Joins the given path part(s) to the given base path.</doc>
<msg timestamp="20220516 18:18:28.686" level="INFO">${directory_path} = Outputs\first directory</msg>
<status status="PASS" starttime="20220516 18:18:28.685" endtime="20220516 18:18:28.686"/>
</kw>
<kw name="Create Directory" library="OperatingSystem">
<arg>${directory_path}</arg>
<doc>Creates the specified directory.</doc>
<msg timestamp="20220516 18:18:28.687" level="INFO" html="true">Created directory '&lt;a href="file://D:\devworks\python_projects\robot-framework-alpha\explore-libraries\Outputs\first directory"&gt;D:\devworks\python_projects\robot-framework-alpha\explore-libraries\Outputs\first directory&lt;/a&gt;'.</msg>
<status status="PASS" starttime="20220516 18:18:28.686" endtime="20220516 18:18:28.687"/>
</kw>
<kw name="Should Exist" library="OperatingSystem">
<arg>${directory_path}</arg>
<doc>Fails unless the given path (file or directory) exists.</doc>
<msg timestamp="20220516 18:18:28.687" level="INFO" html="true">Path '&lt;a href="file://D:\devworks\python_projects\robot-framework-alpha\explore-libraries\Outputs\first directory"&gt;D:\devworks\python_projects\robot-framework-alpha\explore-libraries\Outputs\first directory&lt;/a&gt;' exists.</msg>
<status status="PASS" starttime="20220516 18:18:28.687" endtime="20220516 18:18:28.687"/>
</kw>
<status status="PASS" starttime="20220516 18:18:28.685" endtime="20220516 18:18:28.687"/>
</kw>
<kw name="Create Directory 2" library="OS">
<kw name="Join Path" library="OperatingSystem">
<var>${directory_path}</var>
<arg>${output_directory}</arg>
<arg>${directory_2}</arg>
<doc>Joins the given path part(s) to the given base path.</doc>
<msg timestamp="20220516 18:18:28.689" level="INFO">${directory_path} = Outputs\second directory</msg>
<status status="PASS" starttime="20220516 18:18:28.688" endtime="20220516 18:18:28.689"/>
</kw>
<kw name="Create Directory" library="OperatingSystem">
<arg>${directory_path}</arg>
<doc>Creates the specified directory.</doc>
<msg timestamp="20220516 18:18:28.690" level="INFO" html="true">Created directory '&lt;a href="file://D:\devworks\python_projects\robot-framework-alpha\explore-libraries\Outputs\second directory"&gt;D:\devworks\python_projects\robot-framework-alpha\explore-libraries\Outputs\second directory&lt;/a&gt;'.</msg>
<status status="PASS" starttime="20220516 18:18:28.689" endtime="20220516 18:18:28.690"/>
</kw>
<kw name="Should Exist" library="OperatingSystem">
<arg>${directory_path}</arg>
<doc>Fails unless the given path (file or directory) exists.</doc>
<msg timestamp="20220516 18:18:28.690" level="INFO" html="true">Path '&lt;a href="file://D:\devworks\python_projects\robot-framework-alpha\explore-libraries\Outputs\second directory"&gt;D:\devworks\python_projects\robot-framework-alpha\explore-libraries\Outputs\second directory&lt;/a&gt;' exists.</msg>
<status status="PASS" starttime="20220516 18:18:28.690" endtime="20220516 18:18:28.690"/>
</kw>
<status status="PASS" starttime="20220516 18:18:28.688" endtime="20220516 18:18:28.691"/>
</kw>
<tag>OperatingSystem</tag>
<status status="PASS" starttime="20220516 18:18:28.682" endtime="20220516 18:18:28.691"/>
</test>
<test id="s1-s5-t2" name="Create Some Files" line="20">
<kw name="Create the First File" library="OS">
<kw name="Join Path" library="OperatingSystem">
<var>${file_path}</var>
<arg>${output_directory}</arg>
<arg>${directory_1}</arg>
<arg>${file_1}</arg>
<doc>Joins the given path part(s) to the given base path.</doc>
<msg timestamp="20220516 18:18:28.694" level="INFO">${file_path} = Outputs\first directory\first file.txt</msg>
<status status="PASS" starttime="20220516 18:18:28.694" endtime="20220516 18:18:28.694"/>
</kw>
<kw name="Create File" library="OperatingSystem">
<arg>${file_path}</arg>
<arg>This is some text in file one!</arg>
<doc>Creates a file with the given content and encoding.</doc>
<msg timestamp="20220516 18:18:28.713" level="INFO" html="true">Created file '&lt;a href="file://D:\devworks\python_projects\robot-framework-alpha\explore-libraries\Outputs\first directory\first file.txt"&gt;D:\devworks\python_projects\robot-framework-alpha\explore-libraries\Outputs\first directory\first file.txt&lt;/a&gt;'.</msg>
<status status="PASS" starttime="20220516 18:18:28.694" endtime="20220516 18:18:28.713"/>
</kw>
<kw name="Should Exist" library="OperatingSystem">
<arg>${file_path}</arg>
<doc>Fails unless the given path (file or directory) exists.</doc>
<msg timestamp="20220516 18:18:28.714" level="INFO" html="true">Path '&lt;a href="file://D:\devworks\python_projects\robot-framework-alpha\explore-libraries\Outputs\first directory\first file.txt"&gt;D:\devworks\python_projects\robot-framework-alpha\explore-libraries\Outputs\first directory\first file.txt&lt;/a&gt;' exists.</msg>
<status status="PASS" starttime="20220516 18:18:28.713" endtime="20220516 18:18:28.714"/>
</kw>
<status status="PASS" starttime="20220516 18:18:28.693" endtime="20220516 18:18:28.714"/>
</kw>
<kw name="Create the Second File" library="OS">
<kw name="Join Path" library="OperatingSystem">
<var>${file_path}</var>
<arg>${output_directory}</arg>
<arg>${directory_2}</arg>
<arg>${file_2}</arg>
<doc>Joins the given path part(s) to the given base path.</doc>
<msg timestamp="20220516 18:18:28.715" level="INFO">${file_path} = Outputs\second directory\second file.txt</msg>
<status status="PASS" starttime="20220516 18:18:28.715" endtime="20220516 18:18:28.715"/>
</kw>
<kw name="Create File" library="OperatingSystem">
<arg>${file_path}</arg>
<arg>This is some text in file two!</arg>
<doc>Creates a file with the given content and encoding.</doc>
<msg timestamp="20220516 18:18:28.718" level="INFO" html="true">Created file '&lt;a href="file://D:\devworks\python_projects\robot-framework-alpha\explore-libraries\Outputs\second directory\second file.txt"&gt;D:\devworks\python_projects\robot-framework-alpha\explore-libraries\Outputs\second directory\second file.txt&lt;/a&gt;'.</msg>
<status status="PASS" starttime="20220516 18:18:28.715" endtime="20220516 18:18:28.718"/>
</kw>
<kw name="Should Exist" library="OperatingSystem">
<arg>${file_path}</arg>
<doc>Fails unless the given path (file or directory) exists.</doc>
<msg timestamp="20220516 18:18:28.719" level="INFO" html="true">Path '&lt;a href="file://D:\devworks\python_projects\robot-framework-alpha\explore-libraries\Outputs\second directory\second file.txt"&gt;D:\devworks\python_projects\robot-framework-alpha\explore-libraries\Outputs\second directory\second file.txt&lt;/a&gt;' exists.</msg>
<status status="PASS" starttime="20220516 18:18:28.719" endtime="20220516 18:18:28.719"/>
</kw>
<status status="PASS" starttime="20220516 18:18:28.714" endtime="20220516 18:18:28.719"/>
</kw>
<kw name="Create the Third File" library="OS">
<kw name="Join Path" library="OperatingSystem">
<var>${file_path}</var>
<arg>${output_directory}</arg>
<arg>${directory_2}</arg>
<arg>${file_3}</arg>
<doc>Joins the given path part(s) to the given base path.</doc>
<msg timestamp="20220516 18:18:28.720" level="INFO">${file_path} = Outputs\second directory\third file.txt</msg>
<status status="PASS" starttime="20220516 18:18:28.720" endtime="20220516 18:18:28.720"/>
</kw>
<kw name="Create File" library="OperatingSystem">
<arg>${file_path}</arg>
<arg>This is some text in file three!</arg>
<doc>Creates a file with the given content and encoding.</doc>
<msg timestamp="20220516 18:18:28.723" level="INFO" html="true">Created file '&lt;a href="file://D:\devworks\python_projects\robot-framework-alpha\explore-libraries\Outputs\second directory\third file.txt"&gt;D:\devworks\python_projects\robot-framework-alpha\explore-libraries\Outputs\second directory\third file.txt&lt;/a&gt;'.</msg>
<status status="PASS" starttime="20220516 18:18:28.720" endtime="20220516 18:18:28.723"/>
</kw>
<kw name="Should Exist" library="OperatingSystem">
<arg>${file_path}</arg>
<doc>Fails unless the given path (file or directory) exists.</doc>
<msg timestamp="20220516 18:18:28.724" level="INFO" html="true">Path '&lt;a href="file://D:\devworks\python_projects\robot-framework-alpha\explore-libraries\Outputs\second directory\third file.txt"&gt;D:\devworks\python_projects\robot-framework-alpha\explore-libraries\Outputs\second directory\third file.txt&lt;/a&gt;' exists.</msg>
<status status="PASS" starttime="20220516 18:18:28.724" endtime="20220516 18:18:28.724"/>
</kw>
<status status="PASS" starttime="20220516 18:18:28.720" endtime="20220516 18:18:28.724"/>
</kw>
<tag>OperatingSystem</tag>
<status status="PASS" starttime="20220516 18:18:28.693" endtime="20220516 18:18:28.725"/>
</test>
<test id="s1-s5-t3" name="Move a File" line="26">
<kw name="Move File 3 from Directory 2 to Directory 1" library="OS">
<kw name="Join Path" library="OperatingSystem">
<var>${source_path}</var>
<arg>${output_directory}</arg>
<arg>${directory_2}</arg>
<arg>${file_3}</arg>
<doc>Joins the given path part(s) to the given base path.</doc>
<msg timestamp="20220516 18:18:28.727" level="INFO">${source_path} = Outputs\second directory\third file.txt</msg>
<status status="PASS" starttime="20220516 18:18:28.727" endtime="20220516 18:18:28.727"/>
</kw>
<kw name="Join Path" library="OperatingSystem">
<var>${target_path}</var>
<arg>${output_directory}</arg>
<arg>${directory_1}</arg>
<arg>${file_3}</arg>
<doc>Joins the given path part(s) to the given base path.</doc>
<msg timestamp="20220516 18:18:28.728" level="INFO">${target_path} = Outputs\first directory\third file.txt</msg>
<status status="PASS" starttime="20220516 18:18:28.727" endtime="20220516 18:18:28.728"/>
</kw>
<kw name="Move File" library="OperatingSystem">
<arg>${source_path}</arg>
<arg>${target_path}</arg>
<doc>Moves the source file into the destination.</doc>
<msg timestamp="20220516 18:18:28.733" level="INFO" html="true">Moved file from '&lt;a href="file://D:\devworks\python_projects\robot-framework-alpha\explore-libraries\Outputs\second directory\third file.txt"&gt;D:\devworks\python_projects\robot-framework-alpha\explore-libraries\Outputs\second directory\third file.txt&lt;/a&gt;' to '&lt;a href="file://D:\devworks\python_projects\robot-framework-alpha\explore-libraries\Outputs\first directory\third file.txt"&gt;D:\devworks\python_projects\robot-framework-alpha\explore-libraries\Outputs\first directory\third file.txt&lt;/a&gt;'.</msg>
<status status="PASS" starttime="20220516 18:18:28.728" endtime="20220516 18:18:28.734"/>
</kw>
<kw name="Should Exist" library="OperatingSystem">
<arg>${target_path}</arg>
<doc>Fails unless the given path (file or directory) exists.</doc>
<msg timestamp="20220516 18:18:28.734" level="INFO" html="true">Path '&lt;a href="file://D:\devworks\python_projects\robot-framework-alpha\explore-libraries\Outputs\first directory\third file.txt"&gt;D:\devworks\python_projects\robot-framework-alpha\explore-libraries\Outputs\first directory\third file.txt&lt;/a&gt;' exists.</msg>
<status status="PASS" starttime="20220516 18:18:28.734" endtime="20220516 18:18:28.734"/>
</kw>
<kw name="Should Not Exist" library="OperatingSystem">
<arg>${source_path}</arg>
<doc>Fails if the given path (file or directory) exists.</doc>
<msg timestamp="20220516 18:18:28.735" level="INFO" html="true">Path '&lt;a href="file://D:\devworks\python_projects\robot-framework-alpha\explore-libraries\Outputs\second directory\third file.txt"&gt;D:\devworks\python_projects\robot-framework-alpha\explore-libraries\Outputs\second directory\third file.txt&lt;/a&gt;' does not exist.</msg>
<status status="PASS" starttime="20220516 18:18:28.734" endtime="20220516 18:18:28.735"/>
</kw>
<status status="PASS" starttime="20220516 18:18:28.726" endtime="20220516 18:18:28.735"/>
</kw>
<tag>OperatingSystem</tag>
<status status="PASS" starttime="20220516 18:18:28.726" endtime="20220516 18:18:28.736"/>
</test>
<test id="s1-s5-t4" name="Copy a File" line="30">
<kw name="Copy File 1 from Directory 1 to Directory 2" library="OS">
<kw name="Join Path" library="OperatingSystem">
<var>${source_path}</var>
<arg>${output_directory}</arg>
<arg>${directory_1}</arg>
<arg>${file_1}</arg>
<doc>Joins the given path part(s) to the given base path.</doc>
<msg timestamp="20220516 18:18:28.738" level="INFO">${source_path} = Outputs\first directory\first file.txt</msg>
<status status="PASS" starttime="20220516 18:18:28.738" endtime="20220516 18:18:28.738"/>
</kw>
<kw name="Join Path" library="OperatingSystem">
<var>${target_path}</var>
<arg>${output_directory}</arg>
<arg>${directory_2}</arg>
<arg>${file_1}</arg>
<doc>Joins the given path part(s) to the given base path.</doc>
<msg timestamp="20220516 18:18:28.739" level="INFO">${target_path} = Outputs\second directory\first file.txt</msg>
<status status="PASS" starttime="20220516 18:18:28.738" endtime="20220516 18:18:28.739"/>
</kw>
<kw name="Copy File" library="OperatingSystem">
<arg>${source_path}</arg>
<arg>${target_path}</arg>
<doc>Copies the source file into the destination.</doc>
<msg timestamp="20220516 18:18:28.748" level="INFO" html="true">Copied file from '&lt;a href="file://D:\devworks\python_projects\robot-framework-alpha\explore-libraries\Outputs\first directory\first file.txt"&gt;D:\devworks\python_projects\robot-framework-alpha\explore-libraries\Outputs\first directory\first file.txt&lt;/a&gt;' to '&lt;a href="file://D:\devworks\python_projects\robot-framework-alpha\explore-libraries\Outputs\second directory\first file.txt"&gt;D:\devworks\python_projects\robot-framework-alpha\explore-libraries\Outputs\second directory\first file.txt&lt;/a&gt;'.</msg>
<status status="PASS" starttime="20220516 18:18:28.739" endtime="20220516 18:18:28.748"/>
</kw>
<kw name="Should Exist" library="OperatingSystem">
<arg>${source_path}</arg>
<doc>Fails unless the given path (file or directory) exists.</doc>
<msg timestamp="20220516 18:18:28.749" level="INFO" html="true">Path '&lt;a href="file://D:\devworks\python_projects\robot-framework-alpha\explore-libraries\Outputs\first directory\first file.txt"&gt;D:\devworks\python_projects\robot-framework-alpha\explore-libraries\Outputs\first directory\first file.txt&lt;/a&gt;' exists.</msg>
<status status="PASS" starttime="20220516 18:18:28.748" endtime="20220516 18:18:28.749"/>
</kw>
<kw name="Should Exist" library="OperatingSystem">
<arg>${target_path}</arg>
<doc>Fails unless the given path (file or directory) exists.</doc>
<msg timestamp="20220516 18:18:28.749" level="INFO" html="true">Path '&lt;a href="file://D:\devworks\python_projects\robot-framework-alpha\explore-libraries\Outputs\second directory\first file.txt"&gt;D:\devworks\python_projects\robot-framework-alpha\explore-libraries\Outputs\second directory\first file.txt&lt;/a&gt;' exists.</msg>
<status status="PASS" starttime="20220516 18:18:28.749" endtime="20220516 18:18:28.750"/>
</kw>
<status status="PASS" starttime="20220516 18:18:28.737" endtime="20220516 18:18:28.750"/>
</kw>
<tag>OperatingSystem</tag>
<status status="PASS" starttime="20220516 18:18:28.737" endtime="20220516 18:18:28.750"/>
</test>
<doc>These are some file &amp; directory tests</doc>
<status status="PASS" starttime="20220516 18:18:28.662" endtime="20220516 18:18:28.751"/>
</suite>
<suite id="s1-s6" name="SQL Server Tests" source="D:\devworks\python_projects\robot-framework-alpha\explore-libraries\tests\SQL_Server_Tests.robot">
<test id="s1-s6-t1" name="Insert a Record" line="16">
<kw name="Connect" library="SQL_Server" type="SETUP">
<kw name="Connect To Database">
<arg>pymssql</arg>
<arg>${DB_NAME}</arg>
<arg>${DB_USER_NAME}</arg>
<arg>${DB_USER_PASSWORD}</arg>
<arg>${DB_HOST}</arg>
<arg>${DB_PORT}</arg>
<msg timestamp="20220516 18:18:28.770" level="FAIL">No keyword with name 'Connect To Database' found. Did you try using keyword 'SQL_Server.Connect' and forgot to use enough whitespace between keyword and arguments?</msg>
<status status="FAIL" starttime="20220516 18:18:28.770" endtime="20220516 18:18:28.770"/>
</kw>
<status status="FAIL" starttime="20220516 18:18:28.768" endtime="20220516 18:18:28.771"/>
</kw>
<kw name="Disconnect" library="SQL_Server" type="TEARDOWN">
<kw name="Disconnect from Database">
<msg timestamp="20220516 18:18:28.774" level="FAIL">No keyword with name 'Disconnect from Database' found. Did you try using keyword 'SQL_Server.Disconnect' and forgot to use enough whitespace between keyword and arguments?</msg>
<status status="FAIL" starttime="20220516 18:18:28.773" endtime="20220516 18:18:28.774"/>
</kw>
<status status="FAIL" starttime="20220516 18:18:28.771" endtime="20220516 18:18:28.774">No keyword with name 'Disconnect from Database' found. Did you try using keyword 'SQL_Server.Disconnect' and forgot to use enough whitespace between keyword and arguments?</status>
</kw>
<tag>SqlServerDB</tag>
<status status="FAIL" starttime="20220516 18:18:28.767" endtime="20220516 18:18:28.774">Setup failed:
No keyword with name 'Connect To Database' found. Did you try using keyword 'SQL_Server.Connect' and forgot to use enough whitespace between keyword and arguments?

Also teardown failed:
No keyword with name 'Disconnect from Database' found. Did you try using keyword 'SQL_Server.Disconnect' and forgot to use enough whitespace between keyword and arguments?</status>
</test>
<test id="s1-s6-t2" name="Verify Insert Contains Correct Input Data" line="23">
<kw name="Connect" library="SQL_Server" type="SETUP">
<kw name="Connect To Database">
<arg>pymssql</arg>
<arg>${DB_NAME}</arg>
<arg>${DB_USER_NAME}</arg>
<arg>${DB_USER_PASSWORD}</arg>
<arg>${DB_HOST}</arg>
<arg>${DB_PORT}</arg>
<msg timestamp="20220516 18:18:28.779" level="FAIL">No keyword with name 'Connect To Database' found. Did you try using keyword 'SQL_Server.Connect' and forgot to use enough whitespace between keyword and arguments?</msg>
<status status="FAIL" starttime="20220516 18:18:28.779" endtime="20220516 18:18:28.779"/>
</kw>
<status status="FAIL" starttime="20220516 18:18:28.776" endtime="20220516 18:18:28.779"/>
</kw>
<kw name="Disconnect" library="SQL_Server" type="TEARDOWN">
<kw name="Disconnect from Database">
<msg timestamp="20220516 18:18:28.782" level="FAIL">No keyword with name 'Disconnect from Database' found. Did you try using keyword 'SQL_Server.Disconnect' and forgot to use enough whitespace between keyword and arguments?</msg>
<status status="FAIL" starttime="20220516 18:18:28.782" endtime="20220516 18:18:28.783"/>
</kw>
<status status="FAIL" starttime="20220516 18:18:28.780" endtime="20220516 18:18:28.783">No keyword with name 'Disconnect from Database' found. Did you try using keyword 'SQL_Server.Disconnect' and forgot to use enough whitespace between keyword and arguments?</status>
</kw>
<tag>SqlServerDB</tag>
<status status="FAIL" starttime="20220516 18:18:28.776" endtime="20220516 18:18:28.783">Setup failed:
No keyword with name 'Connect To Database' found. Did you try using keyword 'SQL_Server.Connect' and forgot to use enough whitespace between keyword and arguments?

Also teardown failed:
No keyword with name 'Disconnect from Database' found. Did you try using keyword 'SQL_Server.Disconnect' and forgot to use enough whitespace between keyword and arguments?</status>
</test>
<test id="s1-s6-t3" name="Log All Rows" line="27">
<kw name="Connect" library="SQL_Server" type="SETUP">
<kw name="Connect To Database">
<arg>pymssql</arg>
<arg>${DB_NAME}</arg>
<arg>${DB_USER_NAME}</arg>
<arg>${DB_USER_PASSWORD}</arg>
<arg>${DB_HOST}</arg>
<arg>${DB_PORT}</arg>
<msg timestamp="20220516 18:18:28.787" level="FAIL">No keyword with name 'Connect To Database' found. Did you try using keyword 'SQL_Server.Connect' and forgot to use enough whitespace between keyword and arguments?</msg>
<status status="FAIL" starttime="20220516 18:18:28.787" endtime="20220516 18:18:28.787"/>
</kw>
<status status="FAIL" starttime="20220516 18:18:28.785" endtime="20220516 18:18:28.788"/>
</kw>
<kw name="Disconnect" library="SQL_Server" type="TEARDOWN">
<kw name="Disconnect from Database">
<msg timestamp="20220516 18:18:28.791" level="FAIL">No keyword with name 'Disconnect from Database' found. Did you try using keyword 'SQL_Server.Disconnect' and forgot to use enough whitespace between keyword and arguments?</msg>
<status status="FAIL" starttime="20220516 18:18:28.791" endtime="20220516 18:18:28.791"/>
</kw>
<status status="FAIL" starttime="20220516 18:18:28.789" endtime="20220516 18:18:28.791">No keyword with name 'Disconnect from Database' found. Did you try using keyword 'SQL_Server.Disconnect' and forgot to use enough whitespace between keyword and arguments?</status>
</kw>
<status status="FAIL" starttime="20220516 18:18:28.785" endtime="20220516 18:18:28.791">Setup failed:
No keyword with name 'Connect To Database' found. Did you try using keyword 'SQL_Server.Connect' and forgot to use enough whitespace between keyword and arguments?

Also teardown failed:
No keyword with name 'Disconnect from Database' found. Did you try using keyword 'SQL_Server.Disconnect' and forgot to use enough whitespace between keyword and arguments?</status>
</test>
<doc>These are some SQL Server Database tests</doc>
<status status="FAIL" starttime="20220516 18:18:28.753" endtime="20220516 18:18:28.793"/>
</suite>
<suite id="s1-s7" name="Web Tests" source="D:\devworks\python_projects\robot-framework-alpha\explore-libraries\tests\Web_Tests.robot">
<test id="s1-s7-t1" name="Logged out user can search for products" line="14">
<kw name="Begin Web Test" library="Common" type="SETUP">
<kw name="Open Browser" library="SeleniumLibrary">
<arg>about:blank</arg>
<arg>${BROWSER}</arg>
<doc>Opens a new browser instance to the optional ``url``.</doc>
<msg timestamp="20220516 18:18:28.815" level="INFO">Opening browser 'ie' to base url 'about:blank'.</msg>
<msg timestamp="20220516 18:18:28.819" level="INFO">Cannot capture screenshot because no browser is open.</msg>
<msg timestamp="20220516 18:18:28.819" level="FAIL">WebDriverException: Message: 'IEDriverServer.exe' executable needs to be in PATH. Please download from https://www.selenium.dev/downloads/ and read up at https://github.com/SeleniumHQ/selenium/wiki/InternetExplorerDriver
</msg>
<status status="FAIL" starttime="20220516 18:18:28.814" endtime="20220516 18:18:28.820"/>
</kw>
<status status="FAIL" starttime="20220516 18:18:28.814" endtime="20220516 18:18:28.821"/>
</kw>
<kw name="End Web Test" library="Common" type="TEARDOWN">
<kw name="Close Browser" library="SeleniumLibrary">
<doc>Closes the current browser.</doc>
<status status="PASS" starttime="20220516 18:18:28.822" endtime="20220516 18:18:28.822"/>
</kw>
<status status="PASS" starttime="20220516 18:18:28.821" endtime="20220516 18:18:28.822"/>
</kw>
<tag>Web</tag>
<status status="FAIL" starttime="20220516 18:18:28.812" endtime="20220516 18:18:28.822">Setup failed:
WebDriverException: Message: 'IEDriverServer.exe' executable needs to be in PATH. Please download from https://www.selenium.dev/downloads/ and read up at https://github.com/SeleniumHQ/selenium/wiki/InternetExplorerDriver
</status>
</test>
<test id="s1-s7-t2" name="Logged out user can add product to cart" line="18">
<kw name="Begin Web Test" library="Common" type="SETUP">
<kw name="Open Browser" library="SeleniumLibrary">
<arg>about:blank</arg>
<arg>${BROWSER}</arg>
<doc>Opens a new browser instance to the optional ``url``.</doc>
<msg timestamp="20220516 18:18:28.825" level="INFO">Opening browser 'ie' to base url 'about:blank'.</msg>
<msg timestamp="20220516 18:18:28.830" level="INFO">Cannot capture screenshot because no browser is open.</msg>
<msg timestamp="20220516 18:18:28.830" level="FAIL">WebDriverException: Message: 'IEDriverServer.exe' executable needs to be in PATH. Please download from https://www.selenium.dev/downloads/ and read up at https://github.com/SeleniumHQ/selenium/wiki/InternetExplorerDriver
</msg>
<status status="FAIL" starttime="20220516 18:18:28.825" endtime="20220516 18:18:28.831"/>
</kw>
<status status="FAIL" starttime="20220516 18:18:28.824" endtime="20220516 18:18:28.832"/>
</kw>
<kw name="End Web Test" library="Common" type="TEARDOWN">
<kw name="Close Browser" library="SeleniumLibrary">
<doc>Closes the current browser.</doc>
<status status="PASS" starttime="20220516 18:18:28.833" endtime="20220516 18:18:28.833"/>
</kw>
<status status="PASS" starttime="20220516 18:18:28.833" endtime="20220516 18:18:28.833"/>
</kw>
<tag>Web</tag>
<status status="FAIL" starttime="20220516 18:18:28.824" endtime="20220516 18:18:28.834">Setup failed:
WebDriverException: Message: 'IEDriverServer.exe' executable needs to be in PATH. Please download from https://www.selenium.dev/downloads/ and read up at https://github.com/SeleniumHQ/selenium/wiki/InternetExplorerDriver
</status>
</test>
<doc>These are some web tests</doc>
<status status="FAIL" starttime="20220516 18:18:28.794" endtime="20220516 18:18:28.835"/>
</suite>
<suite id="s1-s8" name="XML Tests" source="D:\devworks\python_projects\robot-framework-alpha\explore-libraries\tests\XML_Tests.robot">
<test id="s1-s8-t1" name="Verify Menu Count" line="14">
<kw name="Should be one menu in the file" library="Breakfast_Menu">
<kw name="Get Element Count" library="XML">
<var>${menu_count}</var>
<arg>${XML_MENU_PATH}</arg>
<doc>Returns and logs how many elements the given ``xpath`` matches.</doc>
<msg timestamp="20220516 18:18:28.857" level="INFO">1 element matched '.'.</msg>
<msg timestamp="20220516 18:18:28.857" level="INFO">${menu_count} = 1</msg>
<status status="PASS" starttime="20220516 18:18:28.856" endtime="20220516 18:18:28.857"/>
</kw>
<kw name="Should Be Equal As Numbers" library="BuiltIn">
<arg>${menu_count}</arg>
<arg>${EXPECTED_MENU_COUNT}</arg>
<doc>Fails if objects are unequal after converting them to real numbers.</doc>
<msg timestamp="20220516 18:18:28.858" level="INFO">Argument types are:
&lt;class 'int'&gt;
&lt;class 'str'&gt;</msg>
<status status="PASS" starttime="20220516 18:18:28.857" endtime="20220516 18:18:28.858"/>
</kw>
<status status="PASS" starttime="20220516 18:18:28.856" endtime="20220516 18:18:28.858"/>
</kw>
<tag>XML</tag>
<status status="PASS" starttime="20220516 18:18:28.855" endtime="20220516 18:18:28.858"/>
</test>
<test id="s1-s8-t2" name="Verify Root" line="18">
<kw name="Verify Menu Name" library="Breakfast_Menu">
<kw name="Parse Xml" library="XML">
<var>${root}</var>
<arg>${XML_MENU_PATH}</arg>
<doc>Parses the given XML file or string into an element structure.</doc>
<msg timestamp="20220516 18:18:28.861" level="INFO">${root} = &lt;Element 'breakfast_menu' at 0x000002060D9EF2E0&gt;</msg>
<status status="PASS" starttime="20220516 18:18:28.860" endtime="20220516 18:18:28.862"/>
</kw>
<kw name="Should Be Equal" library="BuiltIn">
<arg>${root.tag}</arg>
<arg>breakfast_menu</arg>
<doc>Fails if the given objects are unequal.</doc>
<status status="PASS" starttime="20220516 18:18:28.862" endtime="20220516 18:18:28.863"/>
</kw>
<status status="PASS" starttime="20220516 18:18:28.860" endtime="20220516 18:18:28.863"/>
</kw>
<tag>XML</tag>
<status status="PASS" starttime="20220516 18:18:28.859" endtime="20220516 18:18:28.864"/>
</test>
<test id="s1-s8-t3" name="Verify Food Count" line="22">
<kw name="Verify Food Count" library="Breakfast_Menu">
<kw name="Get Element Count" library="XML">
<var>${food_count}</var>
<arg>${XML_MENU_PATH}</arg>
<arg>food</arg>
<doc>Returns and logs how many elements the given ``xpath`` matches.</doc>
<msg timestamp="20220516 18:18:28.866" level="INFO">6 elements matched 'food'.</msg>
<msg timestamp="20220516 18:18:28.866" level="INFO">${food_count} = 6</msg>
<status status="PASS" starttime="20220516 18:18:28.865" endtime="20220516 18:18:28.867"/>
</kw>
<kw name="Should Be Equal As Numbers" library="BuiltIn">
<arg>${food_count}</arg>
<arg>${EXPECTED_FOOD_COUNT}</arg>
<doc>Fails if objects are unequal after converting them to real numbers.</doc>
<msg timestamp="20220516 18:18:28.867" level="INFO">Argument types are:
&lt;class 'int'&gt;
&lt;class 'str'&gt;</msg>
<msg timestamp="20220516 18:18:28.867" level="FAIL">6.0 != 5.0</msg>
<status status="FAIL" starttime="20220516 18:18:28.867" endtime="20220516 18:18:28.867"/>
</kw>
<status status="FAIL" starttime="20220516 18:18:28.865" endtime="20220516 18:18:28.868"/>
</kw>
<tag>XML</tag>
<status status="FAIL" starttime="20220516 18:18:28.865" endtime="20220516 18:18:28.868">6.0 != 5.0</status>
</test>
<test id="s1-s8-t4" name="Verify First Food" line="26">
<kw name="Verify First Food Name" library="Breakfast_Menu">
<kw name="Get Element" library="XML">
<var>${first_food_name}</var>
<arg>${XML_MENU_PATH}</arg>
<arg>food[1]/name</arg>
<doc>Returns an element in the ``source`` matching the ``xpath``.</doc>
<msg timestamp="20220516 18:18:28.873" level="INFO">${first_food_name} = &lt;Element 'name' at 0x000002060D9EF560&gt;</msg>
<status status="PASS" starttime="20220516 18:18:28.871" endtime="20220516 18:18:28.873"/>
</kw>
<kw name="Should Be Equal As Strings" library="BuiltIn">
<arg>${first_food_name.text}</arg>
<arg>Belgian Waffles</arg>
<doc>Fails if objects are unequal after converting them to strings.</doc>
<status status="PASS" starttime="20220516 18:18:28.873" endtime="20220516 18:18:28.873"/>
</kw>
<status status="PASS" starttime="20220516 18:18:28.870" endtime="20220516 18:18:28.874"/>
</kw>
<kw name="Verify First Food Price" library="Breakfast_Menu">
<kw name="Get Element" library="XML">
<var>${first_food_price}</var>
<arg>${XML_MENU_PATH}</arg>
<arg>food[1]/price</arg>
<doc>Returns an element in the ``source`` matching the ``xpath``.</doc>
<msg timestamp="20220516 18:18:28.875" level="INFO">${first_food_price} = &lt;Element 'price' at 0x000002060D9EF9C0&gt;</msg>
<status status="PASS" starttime="20220516 18:18:28.874" endtime="20220516 18:18:28.875"/>
</kw>
<kw name="Should Be Equal As Strings" library="BuiltIn">
<arg>${first_food_price.text}</arg>
<arg>$5.95</arg>
<doc>Fails if objects are unequal after converting them to strings.</doc>
<status status="PASS" starttime="20220516 18:18:28.875" endtime="20220516 18:18:28.876"/>
</kw>
<status status="PASS" starttime="20220516 18:18:28.874" endtime="20220516 18:18:28.876"/>
</kw>
<kw name="Verify First Food Calories" library="Breakfast_Menu">
<kw name="Get Element" library="XML">
<var>${first_food_calories}</var>
<arg>${XML_MENU_PATH}</arg>
<arg>food[1]/calories</arg>
<doc>Returns an element in the ``source`` matching the ``xpath``.</doc>
<msg timestamp="20220516 18:18:28.878" level="INFO">${first_food_calories} = &lt;Element 'calories' at 0x000002060D9EE8E0&gt;</msg>
<status status="PASS" starttime="20220516 18:18:28.877" endtime="20220516 18:18:28.878"/>
</kw>
<kw name="Should Be Equal As Strings" library="BuiltIn">
<arg>${first_food_calories.text}</arg>
<arg>650</arg>
<doc>Fails if objects are unequal after converting them to strings.</doc>
<status status="PASS" starttime="20220516 18:18:28.878" endtime="20220516 18:18:28.879"/>
</kw>
<status status="PASS" starttime="20220516 18:18:28.876" endtime="20220516 18:18:28.879"/>
</kw>
<tag>XML</tag>
<status status="PASS" starttime="20220516 18:18:28.870" endtime="20220516 18:18:28.879"/>
</test>
<test id="s1-s8-t5" name="Add a Food" line="32">
<kw name="Add New Food" library="Breakfast_Menu">
<kw name="Parse Xml" library="XML">
<var>${root}</var>
<arg>${XML_MENU_PATH}</arg>
<doc>Parses the given XML file or string into an element structure.</doc>
<msg timestamp="20220516 18:18:28.882" level="INFO">${root} = &lt;Element 'breakfast_menu' at 0x000002060D9EF650&gt;</msg>
<status status="PASS" starttime="20220516 18:18:28.881" endtime="20220516 18:18:28.882"/>
</kw>
<kw name="Add Element" library="XML">
<arg>${root}</arg>
<arg>&lt;food&gt;&lt;/food&gt;</arg>
<doc>Adds a child element to the specified element.</doc>
<status status="PASS" starttime="20220516 18:18:28.882" endtime="20220516 18:18:28.883"/>
</kw>
<kw name="Add Element" library="XML">
<arg>${root}</arg>
<arg>&lt;name&gt;Grilled Cheese Sandwich&lt;/name&gt;</arg>
<arg>xpath=food[6]</arg>
<doc>Adds a child element to the specified element.</doc>
<status status="PASS" starttime="20220516 18:18:28.883" endtime="20220516 18:18:28.883"/>
</kw>
<kw name="Add Element" library="XML">
<arg>${root}</arg>
<arg>&lt;price&gt;$2.95&lt;/price&gt;</arg>
<arg>xpath=food[6]</arg>
<doc>Adds a child element to the specified element.</doc>
<status status="PASS" starttime="20220516 18:18:28.883" endtime="20220516 18:18:28.884"/>
</kw>
<kw name="Add Element" library="XML">
<arg>${root}</arg>
<arg>&lt;description&gt;Yummy melted cheese on grilled sourdough slices&lt;/description&gt;</arg>
<arg>xpath=food[6]</arg>
<doc>Adds a child element to the specified element.</doc>
<status status="PASS" starttime="20220516 18:18:28.884" endtime="20220516 18:18:28.884"/>
</kw>
<kw name="Add Element" library="XML">
<arg>${root}</arg>
<arg>&lt;calories&gt;300&lt;/calories&gt;</arg>
<arg>xpath=food[6]</arg>
<doc>Adds a child element to the specified element.</doc>
<status status="PASS" starttime="20220516 18:18:28.884" endtime="20220516 18:18:28.884"/>
</kw>
<kw name="Save Xml" library="XML">
<arg>${root}</arg>
<arg>${XML_MENU_PATH}</arg>
<doc>Saves the given element to the specified file.</doc>
<msg timestamp="20220516 18:18:28.889" level="INFO" html="true">XML saved to &lt;a href="file://D:\devworks\python_projects\robot-framework-alpha\explore-libraries\inputs\xml\menu.xml"&gt;D:\devworks\python_projects\robot-framework-alpha\explore-libraries\inputs\xml\menu.xml&lt;/a&gt;.</msg>
<status status="PASS" starttime="20220516 18:18:28.885" endtime="20220516 18:18:28.889"/>
</kw>
<status status="PASS" starttime="20220516 18:18:28.881" endtime="20220516 18:18:28.889"/>
</kw>
<tag>XML</tag>
<status status="PASS" starttime="20220516 18:18:28.880" endtime="20220516 18:18:28.889"/>
</test>
<test id="s1-s8-t6" name="Verify New Food Was Added" line="36">
<kw name="Verify New Food Exists" library="Breakfast_Menu">
<kw name="Element Should Exist" library="XML">
<arg>${XML_MENU_PATH}</arg>
<arg>food[6]</arg>
<doc>Verifies that one or more element match the given ``xpath``.</doc>
<msg timestamp="20220516 18:18:28.892" level="INFO">1 element matched 'food[6]'.</msg>
<status status="PASS" starttime="20220516 18:18:28.891" endtime="20220516 18:18:28.892"/>
</kw>
<status status="PASS" starttime="20220516 18:18:28.891" endtime="20220516 18:18:28.892"/>
</kw>
<tag>XML</tag>
<status status="PASS" starttime="20220516 18:18:28.890" endtime="20220516 18:18:28.892"/>
</test>
<doc>These are some XML tests</doc>
<status status="FAIL" starttime="20220516 18:18:28.837" endtime="20220516 18:18:28.894"/>
</suite>
<status status="FAIL" starttime="20220516 18:18:06.531" endtime="20220516 18:18:28.896"/>
</suite>
<statistics>
<total>
<stat pass="12" fail="14" skip="0">All Tests</stat>
</total>
<tag>
<stat pass="0" fail="2" skip="0">API</stat>
<stat pass="1" fail="1" skip="0">BuiltIn</stat>
<stat pass="0" fail="3" skip="0">MySqlDB</stat>
<stat pass="4" fail="0" skip="0">OperatingSystem</stat>
<stat pass="0" fail="2" skip="0">SqlServerDB</stat>
<stat pass="0" fail="4" skip="0">Web</stat>
<stat pass="5" fail="1" skip="0">XML</stat>
</tag>
<suite>
<stat pass="12" fail="14" skip="0" id="s1" name="Tests">Tests</stat>
<stat pass="0" fail="2" skip="0" id="s1-s1" name="API Tests">Tests.API Tests</stat>
<stat pass="3" fail="1" skip="0" id="s1-s2" name="Built In">Tests.Built In</stat>
<stat pass="0" fail="2" skip="0" id="s1-s3" name="Dialogs">Tests.Dialogs</stat>
<stat pass="0" fail="3" skip="0" id="s1-s4" name="MySql Tests">Tests.MySql Tests</stat>
<stat pass="4" fail="0" skip="0" id="s1-s5" name="Operating System">Tests.Operating System</stat>
<stat pass="0" fail="3" skip="0" id="s1-s6" name="SQL Server Tests">Tests.SQL Server Tests</stat>
<stat pass="0" fail="2" skip="0" id="s1-s7" name="Web Tests">Tests.Web Tests</stat>
<stat pass="5" fail="1" skip="0" id="s1-s8" name="XML Tests">Tests.XML Tests</stat>
</suite>
</statistics>
<errors>
<msg timestamp="20220516 18:18:06.566" level="ERROR">Error in file 'D:\devworks\python_projects\robot-framework-alpha\explore-libraries\tests\API_Tests.robot' on line 3: Resource file 'Resources\API\Github.robot' does not exist.</msg>
<msg timestamp="20220516 18:18:28.620" level="ERROR">Error in file 'D:\devworks\python_projects\robot-framework-alpha\explore-libraries\Resources\DB\MySql.robot' on line 2: Importing library 'DatabaseLibrary' failed: ModuleNotFoundError: No module named 'DatabaseLibrary'
Traceback (most recent call last):
  None
PYTHONPATH:
  C:\Users\dhruv\AppData\Local\Programs\Python\Python310\Scripts\robot.exe
  C:\Users\dhruv\AppData\Local\Programs\Python\Python310\python310.zip
  C:\Users\dhruv\AppData\Local\Programs\Python\Python310\DLLs
  C:\Users\dhruv\AppData\Local\Programs\Python\Python310\lib
  C:\Users\dhruv\AppData\Local\Programs\Python\Python310
  C:\Users\dhruv\AppData\Local\Programs\Python\Python310\lib\site-packages</msg>
<msg timestamp="20220516 18:18:28.762" level="ERROR">Error in file 'D:\devworks\python_projects\robot-framework-alpha\explore-libraries\Resources\DB\SQL_Server.robot' on line 2: Importing library 'DatabaseLibrary' failed: ModuleNotFoundError: No module named 'DatabaseLibrary'
Traceback (most recent call last):
  None
PYTHONPATH:
  C:\Users\dhruv\AppData\Local\Programs\Python\Python310\Scripts\robot.exe
  C:\Users\dhruv\AppData\Local\Programs\Python\Python310\python310.zip
  C:\Users\dhruv\AppData\Local\Programs\Python\Python310\DLLs
  C:\Users\dhruv\AppData\Local\Programs\Python\Python310\lib
  C:\Users\dhruv\AppData\Local\Programs\Python\Python310
  C:\Users\dhruv\AppData\Local\Programs\Python\Python310\lib\site-packages</msg>
</errors>
</robot>
